c:\data\development\git\windowsos-deepdive\solution\rjd_deepdive_proj\x64\debug\vc143.pdb
c:\data\development\git\windowsos-deepdive\solution\rjd_deepdive_proj\x64\debug\vc143.idb
c:\data\development\git\windowsos-deepdive\solution\rjd_deepdive_proj\x64\debug\main.obj
c:\data\development\git\windowsos-deepdive\solution\rjd_deepdive_proj\x64\debug\rjd_deepdive_proj.ilk
c:\data\development\git\windowsos-deepdive\solution\x64\debug\rjd_deepdive_proj.pdb
c:\data\development\git\windowsos-deepdive\solution\rjd_deepdive_proj\x64\debug\rjd_deep.46cebfd5.tlog\cl.command.1.tlog
c:\data\development\git\windowsos-deepdive\solution\rjd_deepdive_proj\x64\debug\rjd_deep.46cebfd5.tlog\cl.items.tlog
c:\data\development\git\windowsos-deepdive\solution\rjd_deepdive_proj\x64\debug\rjd_deep.46cebfd5.tlog\cl.read.1.tlog
c:\data\development\git\windowsos-deepdive\solution\rjd_deepdive_proj\x64\debug\rjd_deep.46cebfd5.tlog\cl.write.1.tlog
c:\data\development\git\windowsos-deepdive\solution\rjd_deepdive_proj\x64\debug\rjd_deep.46cebfd5.tlog\link-cvtres.read.1.tlog
c:\data\development\git\windowsos-deepdive\solution\rjd_deepdive_proj\x64\debug\rjd_deep.46cebfd5.tlog\link-cvtres.write.1.tlog
c:\data\development\git\windowsos-deepdive\solution\rjd_deepdive_proj\x64\debug\rjd_deep.46cebfd5.tlog\link-rc.read.1.tlog
c:\data\development\git\windowsos-deepdive\solution\rjd_deepdive_proj\x64\debug\rjd_deep.46cebfd5.tlog\link-rc.write.1.tlog
c:\data\development\git\windowsos-deepdive\solution\rjd_deepdive_proj\x64\debug\rjd_deep.46cebfd5.tlog\link.33620-cvtres.read.1.tlog
c:\data\development\git\windowsos-deepdive\solution\rjd_deepdive_proj\x64\debug\rjd_deep.46cebfd5.tlog\link.33620-cvtres.write.1.tlog
c:\data\development\git\windowsos-deepdive\solution\rjd_deepdive_proj\x64\debug\rjd_deep.46cebfd5.tlog\link.33620-rc.read.1.tlog
c:\data\development\git\windowsos-deepdive\solution\rjd_deepdive_proj\x64\debug\rjd_deep.46cebfd5.tlog\link.33620-rc.write.1.tlog
c:\data\development\git\windowsos-deepdive\solution\rjd_deepdive_proj\x64\debug\rjd_deep.46cebfd5.tlog\link.33620.read.1.tlog
c:\data\development\git\windowsos-deepdive\solution\rjd_deepdive_proj\x64\debug\rjd_deep.46cebfd5.tlog\link.33620.read.2.tlog
c:\data\development\git\windowsos-deepdive\solution\rjd_deepdive_proj\x64\debug\rjd_deep.46cebfd5.tlog\link.33620.read.3.tlog
c:\data\development\git\windowsos-deepdive\solution\rjd_deepdive_proj\x64\debug\rjd_deep.46cebfd5.tlog\link.33620.read.4.tlog
c:\data\development\git\windowsos-deepdive\solution\rjd_deepdive_proj\x64\debug\rjd_deep.46cebfd5.tlog\link.33620.read.5.tlog
c:\data\development\git\windowsos-deepdive\solution\rjd_deepdive_proj\x64\debug\rjd_deep.46cebfd5.tlog\link.33620.write.1.tlog
c:\data\development\git\windowsos-deepdive\solution\rjd_deepdive_proj\x64\debug\rjd_deep.46cebfd5.tlog\link.command.1.tlog
c:\data\development\git\windowsos-deepdive\solution\rjd_deepdive_proj\x64\debug\rjd_deep.46cebfd5.tlog\link.read.1.tlog
c:\data\development\git\windowsos-deepdive\solution\rjd_deepdive_proj\x64\debug\rjd_deep.46cebfd5.tlog\link.read.2.tlog
c:\data\development\git\windowsos-deepdive\solution\rjd_deepdive_proj\x64\debug\rjd_deep.46cebfd5.tlog\link.read.3.tlog
c:\data\development\git\windowsos-deepdive\solution\rjd_deepdive_proj\x64\debug\rjd_deep.46cebfd5.tlog\link.read.4.tlog
c:\data\development\git\windowsos-deepdive\solution\rjd_deepdive_proj\x64\debug\rjd_deep.46cebfd5.tlog\link.read.5.tlog
c:\data\development\git\windowsos-deepdive\solution\rjd_deepdive_proj\x64\debug\rjd_deep.46cebfd5.tlog\link.secondary.1.tlog
c:\data\development\git\windowsos-deepdive\solution\rjd_deepdive_proj\x64\debug\rjd_deep.46cebfd5.tlog\link.write.1.tlog
